2023-02-14 13:43:23 -  - exec CUpdateClientPartner::__CollectRequestData
2023-02-14 13:43:23 -  - exec CUpdateClientPartner::GetHTTPPage
2023-02-14 13:43:23 -  - exec CUpdateClientPartner::ParseServerData
2023-02-14 13:43:23 -  - exec CUpdateClientPartner::GetUpdatesList
2023-02-14 13:43:23 -  - exec CUpdateClientPartner::__CollectRequestData
2023-02-14 13:43:23 -  - utf=Y&lang=ru&stable=Y&CANGZIP=Y&SUPD_DBS=MYSQL&XE=N&CLIENT_SITE=hv01-selivanov.study.mcart.ru&LICENSE_KEY=X&SUPD_STS=1&SUPD_URS=0&SUPD_URSA=1&TYPENC=D&CLIENT_PHPVER=7.4.33&NGINX=Y&dbv=5.7.40&instm=main%2C22.0.300%2CY%3Bphotogallery%2C21.200.0%2CN%3Brest%2C22.0.100%2CN%3Bbitrix.sitecorporate%2C15.5.0%2CN%3Bsocialservices%2C22.0.250%2CN%3Bvote%2C21.0.100%2CN%3Bmobileapp%2C21.0.300%2CN%3Bui%2C22.400.50%2CN%3Bbitrix.sitepersonal%2C15.5.0%2CN%3Bbitrixcloud%2C22.0.0%2CN%3Biblock%2C21.800.300%2CN%3Blanding%2C21.1300.200%2CN%3Bform%2C21.0.0%2CN%3Bb24connector%2C21.100.0%2CN%3Bsecurity%2C21.200.0%2CN%3Bblog%2C21.300.0%2CN%3Bscale%2C21.0.0%2CN%3Bperfmon%2C21.0.0%2CN%3Btranslate%2C21.100.0%2CN%3Bfileman%2C22.0.0%2CN%3Bbitrix.siteinfoportal%2C15.5.0%2CN%3Bforum%2C21.300.100%2CN%3Bclouds%2C22.0.0%2CN%3Bhighloadblock%2C22.200.0%2CN%3Bseo%2C22.0.200%2CN%3Bsearch%2C22.0.0%2CN%3Bsubscribe%2C21.0.0%2CN%3Bmessageservice%2C22.200.100%2CN&reqm=bitrix.sitecorporate%2Cbitrix.sitepersonal%2Cbitrix.siteinfoportal&fullmoduleinfo=Y&SUPD_SRS=RU&SUPD_CMP=N
2023-02-14 13:43:23 -  - exec CUpdateClientPartner::GetHTTPPage
2023-02-14 13:43:23 -  - TIME GetUpdatesList(request) 0.135 sec
2023-02-14 13:43:23 -  - exec CUpdateClientPartner::ParseServerData
2023-02-14 13:43:23 -  - exec CUpdateClientPartner::__CollectRequestData
2023-02-14 13:43:23 -  - exec CUpdateClientPartner::GetHTTPPage
2023-02-14 13:43:23 -  - exec CUpdateClientPartner::ParseServerData
2023-02-21 13:53:35 -  - exec CUpdateClientPartner::__CollectRequestData
2023-02-21 13:53:35 -  - exec CUpdateClientPartner::GetHTTPPage
2023-02-21 13:53:36 -  - exec CUpdateClientPartner::ParseServerData
2023-02-21 13:53:36 -  - exec CUpdateClientPartner::GetUpdatesList
2023-02-21 13:53:36 -  - exec CUpdateClientPartner::__CollectRequestData
2023-02-21 13:53:36 -  - utf=Y&lang=ru&stable=Y&CANGZIP=Y&SUPD_DBS=MYSQL&XE=N&CLIENT_SITE=hv01-selivanov.study.mcart.ru&LICENSE_KEY=X&SUPD_STS=1&SUPD_URS=0&SUPD_URSA=2&TYPENC=D&CLIENT_PHPVER=7.4.33&NGINX=Y&dbv=5.7.40&instm=main%2C22.500.600%2CY%3Bphotogallery%2C22.0.100%2CN%3Brest%2C22.300.200%2CN%3Bbitrix.sitecorporate%2C15.5.0%2CN%3Bsocialservices%2C22.200.0%2CN%3Bvote%2C22.300.0%2CN%3Bmobileapp%2C22.100.100%2CN%3Bui%2C22.1100.100%2CN%3Blocation%2C22.400.0%2CN%3Bbitrix.sitepersonal%2C15.5.0%2CN%3Bbitrixcloud%2C22.100.0%2CN%3Biblock%2C22.300.200%2CN%3Blanding%2C22.700.200%2CN%3Bform%2C22.0.0%2CN%3Bb24connector%2C22.0.0%2CN%3Bsecurity%2C21.200.100%2CN%3Bblog%2C22.0.0%2CN%3Bscale%2C21.0.0%2CN%3Bperfmon%2C21.0.0%2CN%3Btranslate%2C22.200.0%2CN%3Bfileman%2C22.200.200%2CN%3Bbitrix.siteinfoportal%2C15.5.0%2CN%3Bforum%2C22.200.100%2CN%3Bclouds%2C22.200.0%2CN%3Bhighloadblock%2C22.200.0%2CN%3Bseo%2C22.200.300%2CN%3Bsearch%2C22.100.0%2CN%3Bsubscribe%2C21.0.0%2CN%3Bmessageservice%2C22.600.0%2CN&reqm=bitrix.sitecorporate%2Cbitrix.sitepersonal%2Cbitrix.siteinfoportal&fullmoduleinfo=Y&SUPD_SRS=RU&SUPD_CMP=N
2023-02-21 13:53:36 -  - exec CUpdateClientPartner::GetHTTPPage
2023-02-21 13:53:36 -  - TIME GetUpdatesList(request) 0.132 sec
2023-02-21 13:53:36 -  - exec CUpdateClientPartner::ParseServerData
2023-02-21 13:53:36 -  - exec CUpdateClientPartner::__CollectRequestData
2023-02-21 13:53:36 -  - exec CUpdateClientPartner::GetHTTPPage
2023-02-21 13:53:36 -  - exec CUpdateClientPartner::ParseServerData
2023-02-28 20:54:43 -  - exec CUpdateClientPartner::__CollectRequestData
2023-02-28 20:54:43 -  - exec CUpdateClientPartner::GetHTTPPage
2023-02-28 20:54:43 -  - exec CUpdateClientPartner::ParseServerData
2023-02-28 20:54:43 -  - exec CUpdateClientPartner::GetUpdatesList
2023-02-28 20:54:43 -  - exec CUpdateClientPartner::__CollectRequestData
2023-02-28 20:54:43 -  - utf=Y&lang=ru&stable=Y&CANGZIP=Y&SUPD_DBS=MYSQL&XE=N&CLIENT_SITE=hv01-selivanov.study.mcart.ru&LICENSE_KEY=X&SUPD_STS=1&SUPD_URS=0&SUPD_URSA=2&TYPENC=D&CLIENT_PHPVER=7.4.33&NGINX=Y&dbv=5.7.40&instm=main%2C22.500.700%2CY%3Bphotogallery%2C22.0.100%2CN%3Brest%2C22.400.0%2CN%3Bbitrix.sitecorporate%2C15.5.0%2CN%3Bsocialservices%2C22.200.0%2CN%3Bvote%2C22.300.0%2CN%3Bmobileapp%2C22.100.100%2CN%3Bui%2C22.1100.100%2CN%3Blocation%2C22.400.0%2CN%3Bbitrix.sitepersonal%2C15.5.0%2CN%3Bbitrixcloud%2C22.100.0%2CN%3Biblock%2C22.300.200%2CN%3Blanding%2C22.700.200%2CN%3Bform%2C22.0.0%2CN%3Bb24connector%2C22.0.0%2CN%3Bsecurity%2C21.200.200%2CN%3Bblog%2C22.0.0%2CN%3Bscale%2C21.0.0%2CN%3Bperfmon%2C21.0.0%2CN%3Btranslate%2C22.200.0%2CN%3Bfileman%2C22.300.0%2CN%3Bbitrix.siteinfoportal%2C15.5.0%2CN%3Bforum%2C22.200.100%2CN%3Bclouds%2C22.200.0%2CN%3Bhighloadblock%2C22.200.0%2CN%3Bseo%2C22.200.300%2CN%3Bsearch%2C22.100.0%2CN%3Bsubscribe%2C21.0.0%2CN%3Bmessageservice%2C22.600.0%2CN&reqm=bitrix.sitecorporate%2Cbitrix.sitepersonal%2Cbitrix.siteinfoportal&fullmoduleinfo=Y&SUPD_SRS=RU&SUPD_CMP=N
2023-02-28 20:54:43 -  - exec CUpdateClientPartner::GetHTTPPage
2023-02-28 20:54:43 -  - TIME GetUpdatesList(request) 0.146 sec
2023-02-28 20:54:43 -  - exec CUpdateClientPartner::ParseServerData
2023-02-28 20:54:43 -  - exec CUpdateClientPartner::__CollectRequestData
2023-02-28 20:54:43 -  - exec CUpdateClientPartner::GetHTTPPage
2023-02-28 20:54:43 -  - exec CUpdateClientPartner::ParseServerData
